{
  "stats": {
    "suites": 1,
    "tests": 1,
    "passes": 1,
    "pending": 0,
    "failures": 0,
    "start": "2021-11-24T06:25:06.195Z",
    "end": "2021-11-24T06:25:06.219Z",
    "duration": 24,
    "testsRegistered": 1,
    "passPercent": 100,
    "pendingPercent": 0,
    "other": 0,
    "hasOther": false,
    "skipped": 0,
    "hasSkipped": false
  },
  "results": [
    {
      "uuid": "234cff3f-4455-4c14-8763-bc00e6712f98",
      "title": "",
      "fullFile": "",
      "file": "",
      "beforeHooks": [],
      "afterHooks": [],
      "tests": [],
      "suites": [
        {
          "uuid": "582aa6da-3826-4e28-8293-8a00797585fd",
          "title": "Node服务自动化测试脚本",
          "fullFile": "G:\\es6\\YD\\demos\\karama-test\\tests\\services\\index.spec.js",
          "file": "\\tests\\services\\index.spec.js",
          "beforeHooks": [],
          "afterHooks": [],
          "tests": [
            {
              "title": "获取首页数据",
              "fullTitle": "Node服务自动化测试脚本 获取首页数据",
              "timedOut": false,
              "duration": 19,
              "state": "passed",
              "speed": "fast",
              "pass": true,
              "fail": false,
              "pending": false,
              "context": null,
              "code": "superagent\n  .get('http://localhost:3000/api')\n  .end(function (err, res) {\n    if (res.body.data === 'Hello World') {\n      done()\n    } else { \n      done(new Error('❌首页接口数据返回异常'))\n    }\n  })",
              "err": {},
              "uuid": "3492804f-1f2e-471e-8a20-a2fb86e88347",
              "parentUUID": "582aa6da-3826-4e28-8293-8a00797585fd",
              "isHook": false,
              "skipped": false
            }
          ],
          "suites": [],
          "passes": [
            "3492804f-1f2e-471e-8a20-a2fb86e88347"
          ],
          "failures": [],
          "pending": [],
          "skipped": [],
          "duration": 19,
          "root": false,
          "rootEmpty": false,
          "_timeout": 2000
        }
      ],
      "passes": [],
      "failures": [],
      "pending": [],
      "skipped": [],
      "duration": 0,
      "root": true,
      "rootEmpty": true,
      "_timeout": 2000
    }
  ],
  "meta": {
    "mocha": {
      "version": "9.1.3"
    },
    "mochawesome": {
      "options": {
        "quiet": true,
        "reportFilename": "mochawesome",
        "saveHtml": true,
        "saveJson": true,
        "consoleReporter": "spec",
        "useInlineDiffs": false,
        "code": true
      },
      "version": "7.0.1"
    },
    "marge": {
      "options": {
        "reportDir": "./docs/mochawesome-report",
        "quiet": true
      },
      "version": "6.0.1"
    }
  }
}